SF:lib\src\app_constants.dart
DA:10,14
DA:15,24
DA:30,8
LF:3
LH:3
end_of_record
SF:lib\src\data\models\app_data_fake.dart
DA:9,18
LF:1
LH:1
end_of_record
SF:lib\src\data\models\game_data.dart
DA:32,1
DA:57,1
DA:67,1
DA:68,1
DA:69,1
DA:70,1
DA:71,1
DA:72,1
DA:73,1
DA:74,1
DA:75,1
DA:79,1
DA:80,1
DA:81,1
DA:82,1
DA:83,1
DA:84,1
DA:85,1
DA:86,1
DA:87,1
DA:88,1
LF:21
LH:21
end_of_record
SF:lib\src\data\models\game_status.dart
DA:6,2
DA:13,2
DA:15,1
DA:18,1
DA:19,2
DA:23,2
DA:25,1
DA:28,1
DA:29,2
LF:9
LH:9
end_of_record
SF:lib\src\data\models\orientation_screen_widget.dart
DA:11,26
DA:13,4
DA:16,3
DA:21,26
DA:23,3
DA:26,3
LF:6
LH:6
end_of_record
SF:lib\src\data\models\player_data.dart
DA:8,34
DA:26,21
DA:28,1
DA:35,1
DA:36,1
DA:37,1
DA:38,1
DA:39,1
DA:40,1
DA:44,1
DA:45,1
DA:46,1
DA:47,1
DA:48,1
DA:49,1
DA:50,1
LF:16
LH:16
end_of_record
SF:lib\src\data\models\player_turn.dart
DA:6,3
DA:18,1
DA:24,1
DA:25,1
DA:26,1
DA:27,1
DA:28,1
DA:32,1
DA:33,1
DA:34,1
DA:35,1
DA:36,1
DA:37,1
LF:13
LH:13
end_of_record
SF:lib\src\data\models\player_type.dart
DA:4,50
DA:10,26
DA:12,1
DA:13,2
DA:17,26
DA:19,2
DA:20,4
LF:7
LH:7
end_of_record
SF:lib\src\data\models\user_symbol.dart
DA:9,52
DA:19,26
DA:20,7
DA:21,21
DA:22,2
DA:23,4
DA:27,28
DA:28,1
DA:29,3
DA:30,1
DA:31,2
DA:35,27
DA:36,1
DA:37,3
DA:38,1
DA:39,2
DA:43,1
DA:44,1
DA:45,3
DA:46,1
DA:47,2
DA:51,1
DA:52,1
DA:53,3
DA:54,1
DA:55,2
LF:26
LH:26
end_of_record
SF:lib\src\data\service_repositories\game_play_repository.dart
DA:10,1
LF:1
LH:1
end_of_record
SF:lib\src\screens\game_entry\game_entry_board_size_row.dart
DA:6,25
DA:8,4
DA:10,8
DA:17,4
DA:19,4
DA:21,4
DA:22,4
DA:25,4
DA:30,4
DA:32,4
DA:34,4
DA:35,12
DA:36,4
DA:37,4
DA:38,8
DA:43,4
DA:47,8
DA:48,0
DA:49,8
LF:19
LH:18
end_of_record
SF:lib\src\screens\game_entry\game_entry_buttons_row.dart
DA:6,25
DA:8,4
DA:15,4
DA:20,4
DA:21,4
DA:22,0
DA:23,0
DA:34,4
DA:35,0
LF:9
LH:6
end_of_record
SF:lib\src\screens\game_entry\game_entry_name_list.dart
DA:8,25
DA:10,4
LF:2
LH:2
end_of_record
SF:lib\src\screens\game_entry\game_entry_name_list_row.dart
DA:7,25
DA:14,5
DA:16,10
DA:18,5
DA:21,5
DA:22,5
DA:27,5
DA:28,5
DA:32,5
LF:9
LH:9
end_of_record
SF:lib\src\screens\game_entry\game_entry_name_list_row_input_name.dart
DA:8,6
DA:15,6
DA:18,6
DA:20,6
DA:23,6
DA:24,12
DA:31,6
DA:32,18
LF:8
LH:8
end_of_record
SF:lib\src\screens\game_entry\game_entry_screen.dart
DA:12,2
DA:14,2
DA:27,24
DA:29,3
DA:49,24
DA:51,2
LF:6
LH:6
end_of_record
SF:lib\src\screens\game_play\game_board_button_panel.dart
DA:6,25
DA:8,3
DA:18,3
DA:21,3
DA:22,3
DA:23,3
DA:25,3
DA:27,3
DA:28,3
DA:33,0
DA:34,0
LF:11
LH:9
end_of_record
SF:lib\src\screens\game_play\game_board_panel.dart
DA:6,25
DA:12,3
DA:17,3
DA:18,3
DA:19,9
DA:21,3
DA:26,3
DA:28,3
DA:30,3
DA:31,3
DA:34,3
DA:35,3
DA:36,3
LF:13
LH:13
end_of_record
SF:lib\src\screens\game_play\game_board_panel_tile.dart
DA:4,4
DA:11,4
DA:13,4
DA:14,4
DA:15,4
DA:16,4
DA:30,4
DA:31,4
DA:32,8
LF:9
LH:9
end_of_record
SF:lib\src\screens\game_play\game_board_player_panel.dart
DA:4,25
DA:6,3
DA:8,3
DA:9,3
DA:10,3
DA:11,6
DA:32,24
DA:34,3
DA:44,24
DA:46,3
DA:52,3
DA:54,3
DA:55,9
DA:56,3
DA:57,6
DA:58,3
DA:59,3
LF:17
LH:17
end_of_record
SF:lib\src\screens\game_play\game_board_screen.dart
DA:12,2
DA:14,1
DA:27,24
DA:29,2
DA:52,24
DA:54,2
LF:6
LH:6
end_of_record
SF:lib\src\screens\game_widgets\game_orientation_layout.dart
DA:13,49
DA:20,4
DA:22,4
DA:23,4
DA:32,4
DA:33,4
DA:37,4
DA:38,4
DA:42,4
DA:44,4
DA:45,4
DA:47,16
DA:49,4
DA:52,6
DA:53,8
LF:15
LH:15
end_of_record
SF:lib\src\screens\game_widgets\game_title_row.dart
DA:6,49
DA:8,5
DA:10,10
DA:12,5
DA:13,5
DA:14,10
DA:18,5
DA:23,5
LF:8
LH:8
end_of_record
SF:lib\src\screens\game_widgets\marker_menu.dart
DA:8,7
DA:16,7
DA:18,7
DA:19,1
DA:20,4
DA:22,7
DA:23,7
DA:25,7
DA:27,35
DA:28,7
DA:30,7
DA:31,0
DA:32,0
DA:33,0
DA:35,7
DA:43,7
DA:45,7
DA:46,7
DA:59,7
LF:19
LH:16
end_of_record
SF:lib\src\screens\game_widgets\player_list.dart
DA:12,25
DA:14,6
DA:16,6
DA:17,6
DA:20,6
DA:22,6
DA:24,6
DA:29,6
DA:32,6
DA:33,6
DA:37,6
DA:39,12
DA:40,6
DA:42,6
DA:43,6
DA:47,0
DA:48,0
LF:17
LH:15
end_of_record
SF:lib\src\app.dart
DA:8,1
DA:10,1
DA:12,1
DA:24,3
DA:27,1
DA:30,1
DA:35,1
DA:36,1
DA:37,0
LF:9
LH:8
end_of_record
